<?xml version="1.0" encoding="UTF-8"?>
<testng-results skipped="0" failed="0" ignored="0" total="1" passed="1">
  <reporter-output>
  </reporter-output>
  <suite name="Default suite" duration-ms="32916" started-at="2020-12-17T19:44:09 IST" finished-at="2020-12-17T19:44:42 IST">
    <groups>
    </groups>
    <test name="Default test" duration-ms="32916" started-at="2020-12-17T19:44:09 IST" finished-at="2020-12-17T19:44:42 IST">
      <class name="TestCases.SC_03_GrocerySection">
        <test-method status="PASS" signature="setUp()[pri:0, instance:TestCases.SC_03_GrocerySection@528931cf]" name="setUp" is-config="true" duration-ms="13227" started-at="2020-12-17T19:44:09 IST" finished-at="2020-12-17T19:44:22 IST">
          <reporter-output>
          </reporter-output>
        </test-method> <!-- setUp -->
        <test-method status="PASS" signature="openPage()[pri:0, instance:TestCases.SC_03_GrocerySection@528931cf]" name="openPage" is-config="true" duration-ms="5059" started-at="2020-12-17T19:44:22 IST" finished-at="2020-12-17T19:44:27 IST">
          <reporter-output>
          </reporter-output>
        </test-method> <!-- openPage -->
        <test-method status="PASS" signature="removingFromCart()[pri:2, instance:TestCases.SC_03_GrocerySection@528931cf]" name="removingFromCart" duration-ms="14554" started-at="2020-12-17T19:44:27 IST" finished-at="2020-12-17T19:44:42 IST">
          <reporter-output>
          </reporter-output>
        </test-method> <!-- removingFromCart -->
      </class> <!-- TestCases.SC_03_GrocerySection -->
    </test> <!-- Default test -->
  </suite> <!-- Default suite -->
</testng-results>
